<?xml version="1.0" encoding="UTF-8"?>
<testsuite xmlns:xsi="http://www.w3.org/2001/XMLSchema-instance" xsi:noNamespaceSchemaLocation="https://maven.apache.org/surefire/maven-surefire-plugin/xsd/surefire-test-report.xsd" name="br.com.imoveis.ImoveisApiApplicationTests" time="4.969" tests="6" errors="0" skipped="0" failures="1">
  <properties>
    <property name="sun.desktop" value="windows"/>
    <property name="awt.toolkit" value="sun.awt.windows.WToolkit"/>
    <property name="java.specification.version" value="11"/>
    <property name="sun.cpu.isalist" value="amd64"/>
    <property name="sun.jnu.encoding" value="Cp1252"/>
    <property name="java.class.path" value="C:\Projetos\fim\fonte\avaliacao-imovel\target\test-classes;C:\Projetos\fim\fonte\avaliacao-imovel\target\classes;C:\Programas\repository\org\springframework\boot\spring-boot-starter-web\2.6.6\spring-boot-starter-web-2.6.6.jar;C:\Programas\repository\org\springframework\boot\spring-boot-starter\2.6.6\spring-boot-starter-2.6.6.jar;C:\Programas\repository\org\springframework\boot\spring-boot-starter-logging\2.6.6\spring-boot-starter-logging-2.6.6.jar;C:\Programas\repository\ch\qos\logback\logback-classic\1.2.11\logback-classic-1.2.11.jar;C:\Programas\repository\ch\qos\logback\logback-core\1.2.11\logback-core-1.2.11.jar;C:\Programas\repository\org\apache\logging\log4j\log4j-to-slf4j\2.17.2\log4j-to-slf4j-2.17.2.jar;C:\Programas\repository\org\apache\logging\log4j\log4j-api\2.17.2\log4j-api-2.17.2.jar;C:\Programas\repository\org\slf4j\jul-to-slf4j\1.7.36\jul-to-slf4j-1.7.36.jar;C:\Programas\repository\jakarta\annotation\jakarta.annotation-api\1.3.5\jakarta.annotation-api-1.3.5.jar;C:\Programas\repository\org\yaml\snakeyaml\1.29\snakeyaml-1.29.jar;C:\Programas\repository\org\springframework\boot\spring-boot-starter-json\2.6.6\spring-boot-starter-json-2.6.6.jar;C:\Programas\repository\com\fasterxml\jackson\core\jackson-databind\2.13.2.2\jackson-databind-2.13.2.2.jar;C:\Programas\repository\com\fasterxml\jackson\core\jackson-annotations\2.13.2\jackson-annotations-2.13.2.jar;C:\Programas\repository\com\fasterxml\jackson\core\jackson-core\2.13.2\jackson-core-2.13.2.jar;C:\Programas\repository\com\fasterxml\jackson\datatype\jackson-datatype-jdk8\2.13.2\jackson-datatype-jdk8-2.13.2.jar;C:\Programas\repository\com\fasterxml\jackson\datatype\jackson-datatype-jsr310\2.13.2\jackson-datatype-jsr310-2.13.2.jar;C:\Programas\repository\com\fasterxml\jackson\module\jackson-module-parameter-names\2.13.2\jackson-module-parameter-names-2.13.2.jar;C:\Programas\repository\org\springframework\boot\spring-boot-starter-tomcat\2.6.6\spring-boot-starter-tomcat-2.6.6.jar;C:\Programas\repository\org\apache\tomcat\embed\tomcat-embed-core\9.0.60\tomcat-embed-core-9.0.60.jar;C:\Programas\repository\org\apache\tomcat\embed\tomcat-embed-websocket\9.0.60\tomcat-embed-websocket-9.0.60.jar;C:\Programas\repository\org\springframework\spring-web\5.3.18\spring-web-5.3.18.jar;C:\Programas\repository\org\springframework\spring-beans\5.3.18\spring-beans-5.3.18.jar;C:\Programas\repository\org\springframework\spring-webmvc\5.3.18\spring-webmvc-5.3.18.jar;C:\Programas\repository\org\springframework\spring-aop\5.3.18\spring-aop-5.3.18.jar;C:\Programas\repository\org\springframework\spring-context\5.3.18\spring-context-5.3.18.jar;C:\Programas\repository\org\springframework\spring-expression\5.3.18\spring-expression-5.3.18.jar;C:\Programas\repository\org\springframework\boot\spring-boot-starter-test\2.6.6\spring-boot-starter-test-2.6.6.jar;C:\Programas\repository\org\springframework\boot\spring-boot-test\2.6.6\spring-boot-test-2.6.6.jar;C:\Programas\repository\org\springframework\boot\spring-boot-test-autoconfigure\2.6.6\spring-boot-test-autoconfigure-2.6.6.jar;C:\Programas\repository\com\jayway\jsonpath\json-path\2.6.0\json-path-2.6.0.jar;C:\Programas\repository\net\minidev\json-smart\2.4.8\json-smart-2.4.8.jar;C:\Programas\repository\net\minidev\accessors-smart\2.4.8\accessors-smart-2.4.8.jar;C:\Programas\repository\org\ow2\asm\asm\9.1\asm-9.1.jar;C:\Programas\repository\org\slf4j\slf4j-api\1.7.36\slf4j-api-1.7.36.jar;C:\Programas\repository\jakarta\xml\bind\jakarta.xml.bind-api\2.3.3\jakarta.xml.bind-api-2.3.3.jar;C:\Programas\repository\jakarta\activation\jakarta.activation-api\1.2.2\jakarta.activation-api-1.2.2.jar;C:\Programas\repository\org\assertj\assertj-core\3.21.0\assertj-core-3.21.0.jar;C:\Programas\repository\org\hamcrest\hamcrest\2.2\hamcrest-2.2.jar;C:\Programas\repository\org\junit\jupiter\junit-jupiter\5.8.2\junit-jupiter-5.8.2.jar;C:\Programas\repository\org\junit\jupiter\junit-jupiter-api\5.8.2\junit-jupiter-api-5.8.2.jar;C:\Programas\repository\org\opentest4j\opentest4j\1.2.0\opentest4j-1.2.0.jar;C:\Programas\repository\org\junit\platform\junit-platform-commons\1.8.2\junit-platform-commons-1.8.2.jar;C:\Programas\repository\org\apiguardian\apiguardian-api\1.1.2\apiguardian-api-1.1.2.jar;C:\Programas\repository\org\junit\jupiter\junit-jupiter-params\5.8.2\junit-jupiter-params-5.8.2.jar;C:\Programas\repository\org\junit\jupiter\junit-jupiter-engine\5.8.2\junit-jupiter-engine-5.8.2.jar;C:\Programas\repository\org\junit\platform\junit-platform-engine\1.8.2\junit-platform-engine-1.8.2.jar;C:\Programas\repository\org\mockito\mockito-core\4.0.0\mockito-core-4.0.0.jar;C:\Programas\repository\net\bytebuddy\byte-buddy\1.11.22\byte-buddy-1.11.22.jar;C:\Programas\repository\net\bytebuddy\byte-buddy-agent\1.11.22\byte-buddy-agent-1.11.22.jar;C:\Programas\repository\org\objenesis\objenesis\3.2\objenesis-3.2.jar;C:\Programas\repository\org\mockito\mockito-junit-jupiter\4.0.0\mockito-junit-jupiter-4.0.0.jar;C:\Programas\repository\org\skyscreamer\jsonassert\1.5.0\jsonassert-1.5.0.jar;C:\Programas\repository\com\vaadin\external\google\android-json\0.0.20131108.vaadin1\android-json-0.0.20131108.vaadin1.jar;C:\Programas\repository\org\springframework\spring-core\5.3.18\spring-core-5.3.18.jar;C:\Programas\repository\org\springframework\spring-jcl\5.3.18\spring-jcl-5.3.18.jar;C:\Programas\repository\org\springframework\spring-test\5.3.18\spring-test-5.3.18.jar;C:\Programas\repository\org\xmlunit\xmlunit-core\2.8.4\xmlunit-core-2.8.4.jar;C:\Programas\repository\org\springframework\boot\spring-boot-starter-data-jpa\2.6.6\spring-boot-starter-data-jpa-2.6.6.jar;C:\Programas\repository\org\springframework\boot\spring-boot-starter-aop\2.6.6\spring-boot-starter-aop-2.6.6.jar;C:\Programas\repository\org\aspectj\aspectjweaver\1.9.7\aspectjweaver-1.9.7.jar;C:\Programas\repository\org\springframework\boot\spring-boot-starter-jdbc\2.6.6\spring-boot-starter-jdbc-2.6.6.jar;C:\Programas\repository\com\zaxxer\HikariCP\4.0.3\HikariCP-4.0.3.jar;C:\Programas\repository\org\springframework\spring-jdbc\5.3.18\spring-jdbc-5.3.18.jar;C:\Programas\repository\jakarta\transaction\jakarta.transaction-api\1.3.3\jakarta.transaction-api-1.3.3.jar;C:\Programas\repository\jakarta\persistence\jakarta.persistence-api\2.2.3\jakarta.persistence-api-2.2.3.jar;C:\Programas\repository\org\hibernate\hibernate-core\5.6.7.Final\hibernate-core-5.6.7.Final.jar;C:\Programas\repository\org\jboss\logging\jboss-logging\3.4.3.Final\jboss-logging-3.4.3.Final.jar;C:\Programas\repository\antlr\antlr\2.7.7\antlr-2.7.7.jar;C:\Programas\repository\org\jboss\jandex\2.4.2.Final\jandex-2.4.2.Final.jar;C:\Programas\repository\com\fasterxml\classmate\1.5.1\classmate-1.5.1.jar;C:\Programas\repository\org\hibernate\common\hibernate-commons-annotations\5.1.2.Final\hibernate-commons-annotations-5.1.2.Final.jar;C:\Programas\repository\org\glassfish\jaxb\jaxb-runtime\2.3.6\jaxb-runtime-2.3.6.jar;C:\Programas\repository\org\glassfish\jaxb\txw2\2.3.6\txw2-2.3.6.jar;C:\Programas\repository\com\sun\istack\istack-commons-runtime\3.0.12\istack-commons-runtime-3.0.12.jar;C:\Programas\repository\com\sun\activation\jakarta.activation\1.2.2\jakarta.activation-1.2.2.jar;C:\Programas\repository\org\springframework\data\spring-data-jpa\2.6.3\spring-data-jpa-2.6.3.jar;C:\Programas\repository\org\springframework\data\spring-data-commons\2.6.3\spring-data-commons-2.6.3.jar;C:\Programas\repository\org\springframework\spring-orm\5.3.18\spring-orm-5.3.18.jar;C:\Programas\repository\org\springframework\spring-tx\5.3.18\spring-tx-5.3.18.jar;C:\Programas\repository\org\springframework\spring-aspects\5.3.18\spring-aspects-5.3.18.jar;C:\Programas\repository\org\springframework\boot\spring-boot-starter-validation\2.6.6\spring-boot-starter-validation-2.6.6.jar;C:\Programas\repository\org\apache\tomcat\embed\tomcat-embed-el\9.0.60\tomcat-embed-el-9.0.60.jar;C:\Programas\repository\org\hibernate\validator\hibernate-validator\6.2.3.Final\hibernate-validator-6.2.3.Final.jar;C:\Programas\repository\jakarta\validation\jakarta.validation-api\2.0.2\jakarta.validation-api-2.0.2.jar;C:\Programas\repository\org\springframework\boot\spring-boot-starter-hateoas\2.6.6\spring-boot-starter-hateoas-2.6.6.jar;C:\Programas\repository\org\springframework\hateoas\spring-hateoas\1.4.1\spring-hateoas-1.4.1.jar;C:\Programas\repository\org\springframework\plugin\spring-plugin-core\2.0.0.RELEASE\spring-plugin-core-2.0.0.RELEASE.jar;C:\Programas\repository\org\springframework\security\spring-security-test\5.6.2\spring-security-test-5.6.2.jar;C:\Programas\repository\org\springframework\security\spring-security-core\5.6.2\spring-security-core-5.6.2.jar;C:\Programas\repository\org\springframework\security\spring-security-crypto\5.6.2\spring-security-crypto-5.6.2.jar;C:\Programas\repository\org\springframework\security\spring-security-web\5.6.2\spring-security-web-5.6.2.jar;C:\Programas\repository\org\projectlombok\lombok\1.18.22\lombok-1.18.22.jar;C:\Programas\repository\com\h2database\h2\1.4.200\h2-1.4.200.jar;C:\Programas\repository\org\apache\commons\commons-lang3\3.12.0\commons-lang3-3.12.0.jar;C:\Programas\repository\org\springframework\boot\spring-boot-devtools\2.6.6\spring-boot-devtools-2.6.6.jar;C:\Programas\repository\org\springframework\boot\spring-boot\2.6.6\spring-boot-2.6.6.jar;C:\Programas\repository\org\springframework\boot\spring-boot-autoconfigure\2.6.6\spring-boot-autoconfigure-2.6.6.jar;C:\Programas\repository\io\rest-assured\rest-assured\4.4.0\rest-assured-4.4.0.jar;C:\Programas\repository\org\codehaus\groovy\groovy\3.0.10\groovy-3.0.10.jar;C:\Programas\repository\org\codehaus\groovy\groovy-xml\3.0.10\groovy-xml-3.0.10.jar;C:\Programas\repository\org\apache\httpcomponents\httpclient\4.5.13\httpclient-4.5.13.jar;C:\Programas\repository\org\apache\httpcomponents\httpcore\4.4.15\httpcore-4.4.15.jar;C:\Programas\repository\commons-codec\commons-codec\1.15\commons-codec-1.15.jar;C:\Programas\repository\org\apache\httpcomponents\httpmime\4.5.13\httpmime-4.5.13.jar;C:\Programas\repository\org\ccil\cowan\tagsoup\tagsoup\1.2.1\tagsoup-1.2.1.jar;C:\Programas\repository\io\rest-assured\json-path\4.4.0\json-path-4.4.0.jar;C:\Programas\repository\org\codehaus\groovy\groovy-json\3.0.10\groovy-json-3.0.10.jar;C:\Programas\repository\io\rest-assured\rest-assured-common\4.4.0\rest-assured-common-4.4.0.jar;C:\Programas\repository\io\rest-assured\xml-path\4.4.0\xml-path-4.4.0.jar;C:\Programas\repository\com\sun\xml\bind\jaxb-impl\2.3.3\jaxb-impl-2.3.3.jar;C:\Programas\repository\org\testng\testng\7.0.0\testng-7.0.0.jar;C:\Programas\repository\com\beust\jcommander\1.72\jcommander-1.72.jar;C:\Programas\repository\junit\junit\4.13.2\junit-4.13.2.jar;C:\Programas\repository\org\hamcrest\hamcrest-core\2.2\hamcrest-core-2.2.jar;C:\Programas\repository\com\googlecode\json-simple\json-simple\1.1.1\json-simple-1.1.1.jar;"/>
    <property name="java.vm.vendor" value="Oracle Corporation"/>
    <property name="sun.arch.data.model" value="64"/>
    <property name="user.variant" value=""/>
    <property name="java.vendor.url" value="https://openjdk.java.net/"/>
    <property name="user.timezone" value="GMT-03:00"/>
    <property name="java.vm.specification.version" value="11"/>
    <property name="os.name" value="Windows 10"/>
    <property name="sun.java.launcher" value="SUN_STANDARD"/>
    <property name="user.country" value="BR"/>
    <property name="sun.boot.library.path" value="C:\Java\jdk-11.0.13\bin"/>
    <property name="sun.java.command" value="C:\Users\jtakao\AppData\Local\Temp\surefire16711545129223641714\surefirebooter17832123692265860718.jar C:\Users\jtakao\AppData\Local\Temp\surefire16711545129223641714 2022-04-04T09-58-34_859-jvmRun1 surefire12836365974705514317tmp surefire_018306470971712210989tmp"/>
    <property name="jdk.debug" value="release"/>
    <property name="surefire.test.class.path" value="C:\Projetos\fim\fonte\avaliacao-imovel\target\test-classes;C:\Projetos\fim\fonte\avaliacao-imovel\target\classes;C:\Programas\repository\org\springframework\boot\spring-boot-starter-web\2.6.6\spring-boot-starter-web-2.6.6.jar;C:\Programas\repository\org\springframework\boot\spring-boot-starter\2.6.6\spring-boot-starter-2.6.6.jar;C:\Programas\repository\org\springframework\boot\spring-boot-starter-logging\2.6.6\spring-boot-starter-logging-2.6.6.jar;C:\Programas\repository\ch\qos\logback\logback-classic\1.2.11\logback-classic-1.2.11.jar;C:\Programas\repository\ch\qos\logback\logback-core\1.2.11\logback-core-1.2.11.jar;C:\Programas\repository\org\apache\logging\log4j\log4j-to-slf4j\2.17.2\log4j-to-slf4j-2.17.2.jar;C:\Programas\repository\org\apache\logging\log4j\log4j-api\2.17.2\log4j-api-2.17.2.jar;C:\Programas\repository\org\slf4j\jul-to-slf4j\1.7.36\jul-to-slf4j-1.7.36.jar;C:\Programas\repository\jakarta\annotation\jakarta.annotation-api\1.3.5\jakarta.annotation-api-1.3.5.jar;C:\Programas\repository\org\yaml\snakeyaml\1.29\snakeyaml-1.29.jar;C:\Programas\repository\org\springframework\boot\spring-boot-starter-json\2.6.6\spring-boot-starter-json-2.6.6.jar;C:\Programas\repository\com\fasterxml\jackson\core\jackson-databind\2.13.2.2\jackson-databind-2.13.2.2.jar;C:\Programas\repository\com\fasterxml\jackson\core\jackson-annotations\2.13.2\jackson-annotations-2.13.2.jar;C:\Programas\repository\com\fasterxml\jackson\core\jackson-core\2.13.2\jackson-core-2.13.2.jar;C:\Programas\repository\com\fasterxml\jackson\datatype\jackson-datatype-jdk8\2.13.2\jackson-datatype-jdk8-2.13.2.jar;C:\Programas\repository\com\fasterxml\jackson\datatype\jackson-datatype-jsr310\2.13.2\jackson-datatype-jsr310-2.13.2.jar;C:\Programas\repository\com\fasterxml\jackson\module\jackson-module-parameter-names\2.13.2\jackson-module-parameter-names-2.13.2.jar;C:\Programas\repository\org\springframework\boot\spring-boot-starter-tomcat\2.6.6\spring-boot-starter-tomcat-2.6.6.jar;C:\Programas\repository\org\apache\tomcat\embed\tomcat-embed-core\9.0.60\tomcat-embed-core-9.0.60.jar;C:\Programas\repository\org\apache\tomcat\embed\tomcat-embed-websocket\9.0.60\tomcat-embed-websocket-9.0.60.jar;C:\Programas\repository\org\springframework\spring-web\5.3.18\spring-web-5.3.18.jar;C:\Programas\repository\org\springframework\spring-beans\5.3.18\spring-beans-5.3.18.jar;C:\Programas\repository\org\springframework\spring-webmvc\5.3.18\spring-webmvc-5.3.18.jar;C:\Programas\repository\org\springframework\spring-aop\5.3.18\spring-aop-5.3.18.jar;C:\Programas\repository\org\springframework\spring-context\5.3.18\spring-context-5.3.18.jar;C:\Programas\repository\org\springframework\spring-expression\5.3.18\spring-expression-5.3.18.jar;C:\Programas\repository\org\springframework\boot\spring-boot-starter-test\2.6.6\spring-boot-starter-test-2.6.6.jar;C:\Programas\repository\org\springframework\boot\spring-boot-test\2.6.6\spring-boot-test-2.6.6.jar;C:\Programas\repository\org\springframework\boot\spring-boot-test-autoconfigure\2.6.6\spring-boot-test-autoconfigure-2.6.6.jar;C:\Programas\repository\com\jayway\jsonpath\json-path\2.6.0\json-path-2.6.0.jar;C:\Programas\repository\net\minidev\json-smart\2.4.8\json-smart-2.4.8.jar;C:\Programas\repository\net\minidev\accessors-smart\2.4.8\accessors-smart-2.4.8.jar;C:\Programas\repository\org\ow2\asm\asm\9.1\asm-9.1.jar;C:\Programas\repository\org\slf4j\slf4j-api\1.7.36\slf4j-api-1.7.36.jar;C:\Programas\repository\jakarta\xml\bind\jakarta.xml.bind-api\2.3.3\jakarta.xml.bind-api-2.3.3.jar;C:\Programas\repository\jakarta\activation\jakarta.activation-api\1.2.2\jakarta.activation-api-1.2.2.jar;C:\Programas\repository\org\assertj\assertj-core\3.21.0\assertj-core-3.21.0.jar;C:\Programas\repository\org\hamcrest\hamcrest\2.2\hamcrest-2.2.jar;C:\Programas\repository\org\junit\jupiter\junit-jupiter\5.8.2\junit-jupiter-5.8.2.jar;C:\Programas\repository\org\junit\jupiter\junit-jupiter-api\5.8.2\junit-jupiter-api-5.8.2.jar;C:\Programas\repository\org\opentest4j\opentest4j\1.2.0\opentest4j-1.2.0.jar;C:\Programas\repository\org\junit\platform\junit-platform-commons\1.8.2\junit-platform-commons-1.8.2.jar;C:\Programas\repository\org\apiguardian\apiguardian-api\1.1.2\apiguardian-api-1.1.2.jar;C:\Programas\repository\org\junit\jupiter\junit-jupiter-params\5.8.2\junit-jupiter-params-5.8.2.jar;C:\Programas\repository\org\junit\jupiter\junit-jupiter-engine\5.8.2\junit-jupiter-engine-5.8.2.jar;C:\Programas\repository\org\junit\platform\junit-platform-engine\1.8.2\junit-platform-engine-1.8.2.jar;C:\Programas\repository\org\mockito\mockito-core\4.0.0\mockito-core-4.0.0.jar;C:\Programas\repository\net\bytebuddy\byte-buddy\1.11.22\byte-buddy-1.11.22.jar;C:\Programas\repository\net\bytebuddy\byte-buddy-agent\1.11.22\byte-buddy-agent-1.11.22.jar;C:\Programas\repository\org\objenesis\objenesis\3.2\objenesis-3.2.jar;C:\Programas\repository\org\mockito\mockito-junit-jupiter\4.0.0\mockito-junit-jupiter-4.0.0.jar;C:\Programas\repository\org\skyscreamer\jsonassert\1.5.0\jsonassert-1.5.0.jar;C:\Programas\repository\com\vaadin\external\google\android-json\0.0.20131108.vaadin1\android-json-0.0.20131108.vaadin1.jar;C:\Programas\repository\org\springframework\spring-core\5.3.18\spring-core-5.3.18.jar;C:\Programas\repository\org\springframework\spring-jcl\5.3.18\spring-jcl-5.3.18.jar;C:\Programas\repository\org\springframework\spring-test\5.3.18\spring-test-5.3.18.jar;C:\Programas\repository\org\xmlunit\xmlunit-core\2.8.4\xmlunit-core-2.8.4.jar;C:\Programas\repository\org\springframework\boot\spring-boot-starter-data-jpa\2.6.6\spring-boot-starter-data-jpa-2.6.6.jar;C:\Programas\repository\org\springframework\boot\spring-boot-starter-aop\2.6.6\spring-boot-starter-aop-2.6.6.jar;C:\Programas\repository\org\aspectj\aspectjweaver\1.9.7\aspectjweaver-1.9.7.jar;C:\Programas\repository\org\springframework\boot\spring-boot-starter-jdbc\2.6.6\spring-boot-starter-jdbc-2.6.6.jar;C:\Programas\repository\com\zaxxer\HikariCP\4.0.3\HikariCP-4.0.3.jar;C:\Programas\repository\org\springframework\spring-jdbc\5.3.18\spring-jdbc-5.3.18.jar;C:\Programas\repository\jakarta\transaction\jakarta.transaction-api\1.3.3\jakarta.transaction-api-1.3.3.jar;C:\Programas\repository\jakarta\persistence\jakarta.persistence-api\2.2.3\jakarta.persistence-api-2.2.3.jar;C:\Programas\repository\org\hibernate\hibernate-core\5.6.7.Final\hibernate-core-5.6.7.Final.jar;C:\Programas\repository\org\jboss\logging\jboss-logging\3.4.3.Final\jboss-logging-3.4.3.Final.jar;C:\Programas\repository\antlr\antlr\2.7.7\antlr-2.7.7.jar;C:\Programas\repository\org\jboss\jandex\2.4.2.Final\jandex-2.4.2.Final.jar;C:\Programas\repository\com\fasterxml\classmate\1.5.1\classmate-1.5.1.jar;C:\Programas\repository\org\hibernate\common\hibernate-commons-annotations\5.1.2.Final\hibernate-commons-annotations-5.1.2.Final.jar;C:\Programas\repository\org\glassfish\jaxb\jaxb-runtime\2.3.6\jaxb-runtime-2.3.6.jar;C:\Programas\repository\org\glassfish\jaxb\txw2\2.3.6\txw2-2.3.6.jar;C:\Programas\repository\com\sun\istack\istack-commons-runtime\3.0.12\istack-commons-runtime-3.0.12.jar;C:\Programas\repository\com\sun\activation\jakarta.activation\1.2.2\jakarta.activation-1.2.2.jar;C:\Programas\repository\org\springframework\data\spring-data-jpa\2.6.3\spring-data-jpa-2.6.3.jar;C:\Programas\repository\org\springframework\data\spring-data-commons\2.6.3\spring-data-commons-2.6.3.jar;C:\Programas\repository\org\springframework\spring-orm\5.3.18\spring-orm-5.3.18.jar;C:\Programas\repository\org\springframework\spring-tx\5.3.18\spring-tx-5.3.18.jar;C:\Programas\repository\org\springframework\spring-aspects\5.3.18\spring-aspects-5.3.18.jar;C:\Programas\repository\org\springframework\boot\spring-boot-starter-validation\2.6.6\spring-boot-starter-validation-2.6.6.jar;C:\Programas\repository\org\apache\tomcat\embed\tomcat-embed-el\9.0.60\tomcat-embed-el-9.0.60.jar;C:\Programas\repository\org\hibernate\validator\hibernate-validator\6.2.3.Final\hibernate-validator-6.2.3.Final.jar;C:\Programas\repository\jakarta\validation\jakarta.validation-api\2.0.2\jakarta.validation-api-2.0.2.jar;C:\Programas\repository\org\springframework\boot\spring-boot-starter-hateoas\2.6.6\spring-boot-starter-hateoas-2.6.6.jar;C:\Programas\repository\org\springframework\hateoas\spring-hateoas\1.4.1\spring-hateoas-1.4.1.jar;C:\Programas\repository\org\springframework\plugin\spring-plugin-core\2.0.0.RELEASE\spring-plugin-core-2.0.0.RELEASE.jar;C:\Programas\repository\org\springframework\security\spring-security-test\5.6.2\spring-security-test-5.6.2.jar;C:\Programas\repository\org\springframework\security\spring-security-core\5.6.2\spring-security-core-5.6.2.jar;C:\Programas\repository\org\springframework\security\spring-security-crypto\5.6.2\spring-security-crypto-5.6.2.jar;C:\Programas\repository\org\springframework\security\spring-security-web\5.6.2\spring-security-web-5.6.2.jar;C:\Programas\repository\org\projectlombok\lombok\1.18.22\lombok-1.18.22.jar;C:\Programas\repository\com\h2database\h2\1.4.200\h2-1.4.200.jar;C:\Programas\repository\org\apache\commons\commons-lang3\3.12.0\commons-lang3-3.12.0.jar;C:\Programas\repository\org\springframework\boot\spring-boot-devtools\2.6.6\spring-boot-devtools-2.6.6.jar;C:\Programas\repository\org\springframework\boot\spring-boot\2.6.6\spring-boot-2.6.6.jar;C:\Programas\repository\org\springframework\boot\spring-boot-autoconfigure\2.6.6\spring-boot-autoconfigure-2.6.6.jar;C:\Programas\repository\io\rest-assured\rest-assured\4.4.0\rest-assured-4.4.0.jar;C:\Programas\repository\org\codehaus\groovy\groovy\3.0.10\groovy-3.0.10.jar;C:\Programas\repository\org\codehaus\groovy\groovy-xml\3.0.10\groovy-xml-3.0.10.jar;C:\Programas\repository\org\apache\httpcomponents\httpclient\4.5.13\httpclient-4.5.13.jar;C:\Programas\repository\org\apache\httpcomponents\httpcore\4.4.15\httpcore-4.4.15.jar;C:\Programas\repository\commons-codec\commons-codec\1.15\commons-codec-1.15.jar;C:\Programas\repository\org\apache\httpcomponents\httpmime\4.5.13\httpmime-4.5.13.jar;C:\Programas\repository\org\ccil\cowan\tagsoup\tagsoup\1.2.1\tagsoup-1.2.1.jar;C:\Programas\repository\io\rest-assured\json-path\4.4.0\json-path-4.4.0.jar;C:\Programas\repository\org\codehaus\groovy\groovy-json\3.0.10\groovy-json-3.0.10.jar;C:\Programas\repository\io\rest-assured\rest-assured-common\4.4.0\rest-assured-common-4.4.0.jar;C:\Programas\repository\io\rest-assured\xml-path\4.4.0\xml-path-4.4.0.jar;C:\Programas\repository\com\sun\xml\bind\jaxb-impl\2.3.3\jaxb-impl-2.3.3.jar;C:\Programas\repository\org\testng\testng\7.0.0\testng-7.0.0.jar;C:\Programas\repository\com\beust\jcommander\1.72\jcommander-1.72.jar;C:\Programas\repository\junit\junit\4.13.2\junit-4.13.2.jar;C:\Programas\repository\org\hamcrest\hamcrest-core\2.2\hamcrest-core-2.2.jar;C:\Programas\repository\com\googlecode\json-simple\json-simple\1.1.1\json-simple-1.1.1.jar;"/>
    <property name="sun.cpu.endian" value="little"/>
    <property name="user.home" value="C:\Users\jtakao"/>
    <property name="user.language" value="pt"/>
    <property name="java.specification.vendor" value="Oracle Corporation"/>
    <property name="java.version.date" value="2021-10-19"/>
    <property name="java.home" value="C:\Java\jdk-11.0.13"/>
    <property name="file.separator" value="\"/>
    <property name="style.color" value="always"/>
    <property name="basedir" value="C:\Projetos\fim\fonte\avaliacao-imovel"/>
    <property name="java.vm.compressedOopsMode" value="Zero based"/>
    <property name="line.separator" value="&#10;"/>
    <property name="java.specification.name" value="Java Platform API Specification"/>
    <property name="java.vm.specification.vendor" value="Oracle Corporation"/>
    <property name="java.awt.graphicsenv" value="sun.awt.Win32GraphicsEnvironment"/>
    <property name="surefire.real.class.path" value="C:\Users\jtakao\AppData\Local\Temp\surefire16711545129223641714\surefirebooter17832123692265860718.jar"/>
    <property name="user.script" value=""/>
    <property name="sun.management.compiler" value="HotSpot 64-Bit Tiered Compilers"/>
    <property name="java.runtime.version" value="11.0.13+10-LTS-370"/>
    <property name="user.name" value="jtakao"/>
    <property name="path.separator" value=";"/>
    <property name="os.version" value="10.0"/>
    <property name="java.runtime.name" value="Java(TM) SE Runtime Environment"/>
    <property name="file.encoding" value="Cp1252"/>
    <property name="java.vm.name" value="Java HotSpot(TM) 64-Bit Server VM"/>
    <property name="java.vendor.version" value="18.9"/>
    <property name="localRepository" value="C:\Programas\repository"/>
    <property name="java.vendor.url.bug" value="https://bugreport.java.com/bugreport/"/>
    <property name="java.io.tmpdir" value="C:\Users\jtakao\AppData\Local\Temp\"/>
    <property name="java.version" value="11.0.13"/>
    <property name="user.dir" value="C:\Projetos\fim\fonte\avaliacao-imovel"/>
    <property name="os.arch" value="amd64"/>
    <property name="java.vm.specification.name" value="Java Virtual Machine Specification"/>
    <property name="java.awt.printerjob" value="sun.awt.windows.WPrinterJob"/>
    <property name="sun.os.patch.level" value=""/>
    <property name="java.library.path" value="C:\Java\jdk-11.0.13\bin;C:\Windows\Sun\Java\bin;C:\Windows\system32;C:\Windows;C:/Programas/sts-4.13.0.RELEASE//plugins/org.eclipse.justj.openjdk.hotspot.jre.full.win32.x86_64_17.0.1.v20211116-1657/jre/bin/server;C:/Programas/sts-4.13.0.RELEASE//plugins/org.eclipse.justj.openjdk.hotspot.jre.full.win32.x86_64_17.0.1.v20211116-1657/jre/bin;C:\Program Files (x86)\Common Files\Oracle\Java\javapath;C:\Oracle\product\19.0.0\bin;C:\Windows\system32;C:\Windows;C:\Windows\System32\Wbem;C:\Windows\System32\WindowsPowerShell\v1.0\;C:\Windows\System32\OpenSSH\;C:\Program Files (x86)\Sennheiser\SenncomSDK\;C:\Program Files (x86)\Common Files\Tom Sawyer Software\8.0.0;C:\Program Files\nodejs\;C:\Program Files\Git\cmd;C:\Program Files\TortoiseGit\bin;C:\Program Files\TortoiseSVN\bin;C:\Java\jdk1.8.0_271\bin;C:\Maven\apache-maven-3.8.2\bin;C:\Users\jtakao\AppData\Roaming\npm;C:\Programas\WAS9\WebSphere\AppServer\java\8.0\bin;C:\Programas\WAS9\WebSphere\AppServer\bin;C:\Users\jtakao\AppData\Local\Microsoft\WindowsApps;;C:\Users\jtakao\AppData\Local\Programs\Microsoft VS Code\bin;C:\Programas\sts-4.13.0.RELEASE;;."/>
    <property name="java.vendor" value="Oracle Corporation"/>
    <property name="java.vm.info" value="mixed mode"/>
    <property name="java.vm.version" value="11.0.13+10-LTS-370"/>
    <property name="sun.io.unicode.encoding" value="UnicodeLittle"/>
    <property name="java.class.version" value="55.0"/>
  </properties>
  <testcase name="retornarStatus200_AtualizaImovel" classname="br.com.imoveis.ImoveisApiApplicationTests" time="3.381">
    <failure message="1 expectation failed.&#10;Expected status code &lt;200&gt; but was &lt;500&gt;.&#10;" type="java.lang.AssertionError"><![CDATA[java.lang.AssertionError: 
1 expectation failed.
Expected status code <200> but was <500>.

	at br.com.imoveis.ImoveisApiApplicationTests.retornarStatus200_AtualizaImovel(ImoveisApiApplicationTests.java:102)
]]></failure>
    <system-out><![CDATA[09:58:40.235 [main] DEBUG org.apache.http.impl.conn.BasicClientConnectionManager - Get connection for route {}->http://localhost:8080
09:58:40.266 [main] DEBUG org.apache.http.impl.conn.DefaultClientConnectionOperator - Connecting to localhost:8080
09:58:40.311 [main] DEBUG org.apache.http.client.protocol.RequestAddCookies - CookieSpec selected: ignoreCookies
09:58:40.314 [main] DEBUG org.apache.http.client.protocol.RequestAuthCache - Auth cache not set in the context
09:58:40.315 [main] DEBUG org.apache.http.client.protocol.RequestTargetAuthentication - Target auth state: UNCHALLENGED
09:58:40.315 [main] DEBUG org.apache.http.client.protocol.RequestProxyAuthentication - Proxy auth state: UNCHALLENGED
09:58:40.316 [main] DEBUG org.apache.http.impl.client.DefaultHttpClient - Attempt 1 to execute request
09:58:40.316 [main] DEBUG org.apache.http.impl.conn.DefaultClientConnection - Sending request: PUT /api/v1/imoveis/10 HTTP/1.1
09:58:40.316 [main] DEBUG org.apache.http.wire -  >> "PUT /api/v1/imoveis/10 HTTP/1.1[\r][\n]"
09:58:40.318 [main] DEBUG org.apache.http.wire -  >> "Accept: */*[\r][\n]"
09:58:40.318 [main] DEBUG org.apache.http.wire -  >> "Content-Type: application/json[\r][\n]"
09:58:40.318 [main] DEBUG org.apache.http.wire -  >> "Content-Length: 206[\r][\n]"
09:58:40.318 [main] DEBUG org.apache.http.wire -  >> "Host: localhost:8080[\r][\n]"
09:58:40.318 [main] DEBUG org.apache.http.wire -  >> "Connection: Keep-Alive[\r][\n]"
09:58:40.318 [main] DEBUG org.apache.http.wire -  >> "User-Agent: Apache-HttpClient/4.5.13 (Java/11.0.13)[\r][\n]"
09:58:40.318 [main] DEBUG org.apache.http.wire -  >> "Accept-Encoding: gzip,deflate[\r][\n]"
09:58:40.318 [main] DEBUG org.apache.http.wire -  >> "[\r][\n]"
09:58:40.318 [main] DEBUG org.apache.http.headers - >> PUT /api/v1/imoveis/10 HTTP/1.1
09:58:40.318 [main] DEBUG org.apache.http.headers - >> Accept: */*
09:58:40.319 [main] DEBUG org.apache.http.headers - >> Content-Type: application/json
09:58:40.319 [main] DEBUG org.apache.http.headers - >> Content-Length: 206
09:58:40.319 [main] DEBUG org.apache.http.headers - >> Host: localhost:8080
09:58:40.319 [main] DEBUG org.apache.http.headers - >> Connection: Keep-Alive
09:58:40.319 [main] DEBUG org.apache.http.headers - >> User-Agent: Apache-HttpClient/4.5.13 (Java/11.0.13)
09:58:40.319 [main] DEBUG org.apache.http.headers - >> Accept-Encoding: gzip,deflate
09:58:40.319 [main] DEBUG org.apache.http.wire -  >> "{"area":"3000","uf":"AM","cidade":"CIDADE TESTE","suite":"3","numero":"1234","logradouro":"RUA TESTE","bairro":"JARDIM DOS TESTES","dormitorio":"20","valor":"139.58","id":"10","descricao":"CASA ATUALIZADA"}"
09:58:40.329 [main] DEBUG org.apache.http.wire -  << "HTTP/1.1 500 [\r][\n]"
09:58:40.332 [main] DEBUG org.apache.http.wire -  << "Content-Type: application/json[\r][\n]"
09:58:40.332 [main] DEBUG org.apache.http.wire -  << "Transfer-Encoding: chunked[\r][\n]"
09:58:40.332 [main] DEBUG org.apache.http.wire -  << "Date: Mon, 04 Apr 2022 12:58:40 GMT[\r][\n]"
09:58:40.332 [main] DEBUG org.apache.http.wire -  << "Connection: close[\r][\n]"
09:58:40.332 [main] DEBUG org.apache.http.wire -  << "[\r][\n]"
09:58:40.333 [main] DEBUG org.apache.http.impl.conn.DefaultClientConnection - Receiving response: HTTP/1.1 500 
09:58:40.333 [main] DEBUG org.apache.http.headers - << HTTP/1.1 500 
09:58:40.333 [main] DEBUG org.apache.http.headers - << Content-Type: application/json
09:58:40.333 [main] DEBUG org.apache.http.headers - << Transfer-Encoding: chunked
09:58:40.334 [main] DEBUG org.apache.http.headers - << Date: Mon, 04 Apr 2022 12:58:40 GMT
09:58:40.334 [main] DEBUG org.apache.http.headers - << Connection: close
09:58:40.379 [main] DEBUG io.restassured.internal.RequestSpecificationImpl$RestAssuredHttpBuilder - Parsing response as: application/json
09:58:40.380 [main] DEBUG io.restassured.internal.RequestSpecificationImpl$RestAssuredHttpBuilder - Parsed data to instance of: class org.apache.http.conn.EofSensorInputStream
]]></system-out>
  </testcase>
  <testcase name="retornarStatus200_PesquisaIdExistente" classname="br.com.imoveis.ImoveisApiApplicationTests" time="0.081"/>
  <testcase name="retornarStatus200_PesquisaPaginada" classname="br.com.imoveis.ImoveisApiApplicationTests" time="0.034"/>
  <testcase name="retornarStatus201_CriandoImovel" classname="br.com.imoveis.ImoveisApiApplicationTests" time="0.04"/>
  <testcase name="retornarStatus404_PaginaNaoExiste" classname="br.com.imoveis.ImoveisApiApplicationTests" time="0.034"/>
  <testcase name="retornarStatus404_RegistroPesquisaNaoExiste" classname="br.com.imoveis.ImoveisApiApplicationTests" time="0.013"/>
</testsuite>